<?xml version="1.0" encoding="UTF-8"?>
<!-- Generated by org.testng.reporters.JUnitXMLReporter -->
<testsuite hostname="BDC6-DX-6DCBNK2" ignored="0" name="Default test" tests="4" failures="0" timestamp="19 Jun 2019 07:43:52 GMT" time="15.281" errors="0">
  <testcase name="testRegistration" time="2.378" classname="com.test1.CaseStudy"/>
  <testcase name="testLogin" time="0.433" classname="com.test1.CaseStudy"/>
  <testcase name="testCart" time="1.107" classname="com.test1.CaseStudy"/>
  <testcase name="testPayment" time="4.452" classname="com.test1.CaseStudy"/>
</testsuite> <!-- Default test -->
